mode: set
github.com/Vaishnav88sk/claritty/clarctl-go/internal/config/config.go:71.27,74.2 2 1
github.com/Vaishnav88sk/claritty/clarctl-go/internal/config/config.go:78.30,80.55 2 1
github.com/Vaishnav88sk/claritty/clarctl-go/internal/config/config.go:80.55,82.3 1 0
github.com/Vaishnav88sk/claritty/clarctl-go/internal/config/config.go:85.2,143.17 4 1
github.com/Vaishnav88sk/claritty/clarctl-go/internal/config/config.go:147.35,148.23 1 1
github.com/Vaishnav88sk/claritty/clarctl-go/internal/config/config.go:149.14,150.25 1 1
github.com/Vaishnav88sk/claritty/clarctl-go/internal/config/config.go:150.25,152.4 1 1
github.com/Vaishnav88sk/claritty/clarctl-go/internal/config/config.go:153.3,153.42 1 1
github.com/Vaishnav88sk/claritty/clarctl-go/internal/config/config.go:154.16,155.27 1 1
github.com/Vaishnav88sk/claritty/clarctl-go/internal/config/config.go:155.27,157.4 1 0
github.com/Vaishnav88sk/claritty/clarctl-go/internal/config/config.go:158.3,158.46 1 1
github.com/Vaishnav88sk/claritty/clarctl-go/internal/config/config.go:159.17,160.28 1 0
github.com/Vaishnav88sk/claritty/clarctl-go/internal/config/config.go:160.28,162.4 1 0
github.com/Vaishnav88sk/claritty/clarctl-go/internal/config/config.go:163.3,163.48 1 0
github.com/Vaishnav88sk/claritty/clarctl-go/internal/config/config.go:165.2,165.12 1 1
github.com/Vaishnav88sk/claritty/clarctl-go/internal/config/config.go:170.37,171.34 1 1
github.com/Vaishnav88sk/claritty/clarctl-go/internal/config/config.go:171.34,173.3 1 1
github.com/Vaishnav88sk/claritty/clarctl-go/internal/config/config.go:174.2,174.12 1 1
github.com/Vaishnav88sk/claritty/clarctl-go/internal/config/config.go:177.41,178.34 1 1
github.com/Vaishnav88sk/claritty/clarctl-go/internal/config/config.go:178.34,179.44 1 1
github.com/Vaishnav88sk/claritty/clarctl-go/internal/config/config.go:179.44,181.4 1 1
github.com/Vaishnav88sk/claritty/clarctl-go/internal/config/config.go:183.2,183.12 1 1
github.com/Vaishnav88sk/claritty/clarctl-go/internal/config/config.go:186.51,187.34 1 1
github.com/Vaishnav88sk/claritty/clarctl-go/internal/config/config.go:187.34,188.54 1 1
github.com/Vaishnav88sk/claritty/clarctl-go/internal/config/config.go:188.54,190.4 1 1
github.com/Vaishnav88sk/claritty/clarctl-go/internal/config/config.go:192.2,192.12 1 1
github.com/Vaishnav88sk/claritty/clarctl-go/internal/config/config.go:195.44,196.34 1 1
github.com/Vaishnav88sk/claritty/clarctl-go/internal/config/config.go:196.34,198.3 1 1
github.com/Vaishnav88sk/claritty/clarctl-go/internal/config/config.go:199.2,199.12 1 1
github.com/Vaishnav88sk/claritty/clarctl-go/cmd/apply.go:17.54,20.17 3 0
github.com/Vaishnav88sk/claritty/clarctl-go/cmd/apply.go:20.17,22.4 1 0
github.com/Vaishnav88sk/claritty/clarctl-go/cmd/apply.go:23.3,23.15 1 0
github.com/Vaishnav88sk/claritty/clarctl-go/cmd/apply.go:23.15,25.4 1 0
github.com/Vaishnav88sk/claritty/clarctl-go/cmd/apply.go:27.3,29.34 2 0
github.com/Vaishnav88sk/claritty/clarctl-go/cmd/apply.go:29.34,32.4 2 0
github.com/Vaishnav88sk/claritty/clarctl-go/cmd/apply.go:34.3,36.17 3 0
github.com/Vaishnav88sk/claritty/clarctl-go/cmd/apply.go:37.18,39.30 2 0
github.com/Vaishnav88sk/claritty/clarctl-go/cmd/apply.go:40.14,41.29 1 0
github.com/Vaishnav88sk/claritty/clarctl-go/cmd/apply.go:42.11,43.47 1 0
github.com/Vaishnav88sk/claritty/clarctl-go/cmd/apply.go:45.3,45.13 1 0
github.com/Vaishnav88sk/claritty/clarctl-go/cmd/apply.go:49.13,51.2 1 1
github.com/Vaishnav88sk/claritty/clarctl-go/cmd/embed.go:9.13,11.2 1 1
github.com/Vaishnav88sk/claritty/clarctl-go/cmd/incidents.go:26.54,34.17 3 0
github.com/Vaishnav88sk/claritty/clarctl-go/cmd/incidents.go:34.17,36.4 1 0
github.com/Vaishnav88sk/claritty/clarctl-go/cmd/incidents.go:37.3,41.13 4 0
github.com/Vaishnav88sk/claritty/clarctl-go/cmd/incidents.go:45.13,50.2 4 1
github.com/Vaishnav88sk/claritty/clarctl-go/cmd/report.go:18.54,21.17 3 0
github.com/Vaishnav88sk/claritty/clarctl-go/cmd/report.go:21.17,23.4 1 0
github.com/Vaishnav88sk/claritty/clarctl-go/cmd/report.go:24.3,24.15 1 0
github.com/Vaishnav88sk/claritty/clarctl-go/cmd/report.go:24.15,26.4 1 0
github.com/Vaishnav88sk/claritty/clarctl-go/cmd/report.go:28.3,29.17 2 0
github.com/Vaishnav88sk/claritty/clarctl-go/cmd/report.go:29.17,31.4 1 0
github.com/Vaishnav88sk/claritty/clarctl-go/cmd/report.go:33.3,33.25 1 0
github.com/Vaishnav88sk/claritty/clarctl-go/cmd/report.go:33.25,34.64 1 0
github.com/Vaishnav88sk/claritty/clarctl-go/cmd/report.go:34.64,36.5 1 0
github.com/Vaishnav88sk/claritty/clarctl-go/cmd/report.go:37.4,37.52 1 0
github.com/Vaishnav88sk/claritty/clarctl-go/cmd/report.go:38.9,40.4 1 0
github.com/Vaishnav88sk/claritty/clarctl-go/cmd/report.go:41.3,41.13 1 0
github.com/Vaishnav88sk/claritty/clarctl-go/cmd/report.go:45.13,47.2 1 1
github.com/Vaishnav88sk/claritty/clarctl-go/cmd/root.go:47.67,49.57 1 0
github.com/Vaishnav88sk/claritty/clarctl-go/cmd/root.go:49.57,51.4 1 0
github.com/Vaishnav88sk/claritty/clarctl-go/cmd/root.go:52.3,52.17 1 0
github.com/Vaishnav88sk/claritty/clarctl-go/cmd/root.go:57.16,58.42 1 0
github.com/Vaishnav88sk/claritty/clarctl-go/cmd/root.go:58.42,61.3 2 0
github.com/Vaishnav88sk/claritty/clarctl-go/cmd/root.go:64.13,67.2 2 1
github.com/Vaishnav88sk/claritty/clarctl-go/cmd/root.go:70.20,74.16 3 0
github.com/Vaishnav88sk/claritty/clarctl-go/cmd/root.go:74.16,76.3 1 0
github.com/Vaishnav88sk/claritty/clarctl-go/cmd/root.go:77.2,77.39 1 0
github.com/Vaishnav88sk/claritty/clarctl-go/cmd/root.go:77.39,79.3 1 0
github.com/Vaishnav88sk/claritty/clarctl-go/cmd/root.go:82.2,83.15 2 0
github.com/Vaishnav88sk/claritty/clarctl-go/cmd/root.go:83.15,85.3 1 0
github.com/Vaishnav88sk/claritty/clarctl-go/cmd/root.go:86.2,93.16 6 0
github.com/Vaishnav88sk/claritty/clarctl-go/cmd/root.go:93.16,95.3 1 0
github.com/Vaishnav88sk/claritty/clarctl-go/cmd/root.go:98.2,99.16 2 0
github.com/Vaishnav88sk/claritty/clarctl-go/cmd/root.go:99.16,101.3 1 0
github.com/Vaishnav88sk/claritty/clarctl-go/cmd/root.go:104.2,106.12 2 0
github.com/Vaishnav88sk/claritty/clarctl-go/cmd/scan.go:34.54,51.17 11 0
github.com/Vaishnav88sk/claritty/clarctl-go/cmd/scan.go:51.17,53.4 1 0
github.com/Vaishnav88sk/claritty/clarctl-go/cmd/scan.go:55.3,56.17 2 0
github.com/Vaishnav88sk/claritty/clarctl-go/cmd/scan.go:56.17,57.24 1 0
github.com/Vaishnav88sk/claritty/clarctl-go/cmd/scan.go:57.24,60.5 2 0
github.com/Vaishnav88sk/claritty/clarctl-go/cmd/scan.go:61.4,61.45 1 0
github.com/Vaishnav88sk/claritty/clarctl-go/cmd/scan.go:64.3,64.62 1 0
github.com/Vaishnav88sk/claritty/clarctl-go/cmd/scan.go:64.62,66.4 1 0
github.com/Vaishnav88sk/claritty/clarctl-go/cmd/scan.go:67.3,67.13 1 0
github.com/Vaishnav88sk/claritty/clarctl-go/cmd/scan.go:71.13,74.2 2 1
github.com/Vaishnav88sk/claritty/clarctl-go/cmd/scan.go:77.78,79.46 1 0
github.com/Vaishnav88sk/claritty/clarctl-go/cmd/scan.go:79.46,81.3 1 0
github.com/Vaishnav88sk/claritty/clarctl-go/cmd/scan.go:84.2,87.55 2 0
github.com/Vaishnav88sk/claritty/clarctl-go/cmd/scan.go:87.55,89.17 2 0
github.com/Vaishnav88sk/claritty/clarctl-go/cmd/scan.go:90.18,92.30 2 0
github.com/Vaishnav88sk/claritty/clarctl-go/cmd/scan.go:93.14,94.29 1 0
github.com/Vaishnav88sk/claritty/clarctl-go/cmd/scan.go:96.8,96.24 1 0
github.com/Vaishnav88sk/claritty/clarctl-go/cmd/scan.go:96.24,98.3 1 0
github.com/Vaishnav88sk/claritty/clarctl-go/cmd/scan.go:98.8,98.18 1 0
github.com/Vaishnav88sk/claritty/clarctl-go/cmd/scan.go:98.18,100.3 1 0
github.com/Vaishnav88sk/claritty/clarctl-go/cmd/scan.go:102.2,102.12 1 0
github.com/Vaishnav88sk/claritty/clarctl-go/cmd/scan.go:106.56,110.35 3 0
github.com/Vaishnav88sk/claritty/clarctl-go/cmd/scan.go:110.35,114.25 3 0
github.com/Vaishnav88sk/claritty/clarctl-go/cmd/scan.go:114.25,117.12 3 0
github.com/Vaishnav88sk/claritty/clarctl-go/cmd/scan.go:120.3,121.20 2 0
github.com/Vaishnav88sk/claritty/clarctl-go/cmd/scan.go:121.20,124.4 2 0
github.com/Vaishnav88sk/claritty/clarctl-go/cmd/scan.go:124.9,124.28 1 0
github.com/Vaishnav88sk/claritty/clarctl-go/cmd/scan.go:124.28,127.4 2 0
github.com/Vaishnav88sk/claritty/clarctl-go/cmd/scan.go:127.9,130.4 2 0
github.com/Vaishnav88sk/claritty/clarctl-go/cmd/scan.go:133.2,137.38 3 0
github.com/Vaishnav88sk/claritty/clarctl-go/cmd/scan.go:137.38,138.28 1 0
github.com/Vaishnav88sk/claritty/clarctl-go/cmd/scan.go:138.28,140.4 1 0
github.com/Vaishnav88sk/claritty/clarctl-go/cmd/scan.go:142.2,142.17 1 0
github.com/Vaishnav88sk/claritty/clarctl-go/cmd/scan.go:142.17,151.3 7 0
github.com/Vaishnav88sk/claritty/clarctl-go/cmd/show.go:15.54,18.17 3 0
github.com/Vaishnav88sk/claritty/clarctl-go/cmd/show.go:18.17,20.4 1 0
github.com/Vaishnav88sk/claritty/clarctl-go/cmd/show.go:21.3,21.15 1 0
github.com/Vaishnav88sk/claritty/clarctl-go/cmd/show.go:21.15,23.4 1 0
github.com/Vaishnav88sk/claritty/clarctl-go/cmd/show.go:24.3,26.13 3 0
github.com/Vaishnav88sk/claritty/clarctl-go/cmd/status.go:13.54,17.17 3 0
github.com/Vaishnav88sk/claritty/clarctl-go/cmd/status.go:17.17,19.4 1 0
github.com/Vaishnav88sk/claritty/clarctl-go/cmd/status.go:20.3,23.17 3 0
github.com/Vaishnav88sk/claritty/clarctl-go/cmd/status.go:23.17,25.4 1 0
github.com/Vaishnav88sk/claritty/clarctl-go/cmd/status.go:26.3,26.23 1 0
github.com/Vaishnav88sk/claritty/clarctl-go/cmd/status.go:26.23,29.4 2 0
github.com/Vaishnav88sk/claritty/clarctl-go/cmd/status.go:29.9,31.4 1 0
github.com/Vaishnav88sk/claritty/clarctl-go/cmd/status.go:32.3,32.13 1 0
github.com/Vaishnav88sk/claritty/clarctl-go/cmd/watch.go:26.54,30.17 3 0
github.com/Vaishnav88sk/claritty/clarctl-go/cmd/watch.go:30.17,32.4 1 0
github.com/Vaishnav88sk/claritty/clarctl-go/cmd/watch.go:34.3,41.7 5 0
github.com/Vaishnav88sk/claritty/clarctl-go/cmd/watch.go:41.7,42.24 1 0
github.com/Vaishnav88sk/claritty/clarctl-go/cmd/watch.go:42.24,45.5 2 0
github.com/Vaishnav88sk/claritty/clarctl-go/cmd/watch.go:47.4,57.18 7 0
github.com/Vaishnav88sk/claritty/clarctl-go/cmd/watch.go:57.18,58.25 1 0
github.com/Vaishnav88sk/claritty/clarctl-go/cmd/watch.go:58.25,61.6 2 0
github.com/Vaishnav88sk/claritty/clarctl-go/cmd/watch.go:62.5,62.64 1 0
github.com/Vaishnav88sk/claritty/clarctl-go/cmd/watch.go:63.10,67.20 3 0
github.com/Vaishnav88sk/claritty/clarctl-go/cmd/watch.go:67.20,83.6 5 0
github.com/Vaishnav88sk/claritty/clarctl-go/cmd/watch.go:85.5,92.77 5 0
github.com/Vaishnav88sk/claritty/clarctl-go/cmd/watch.go:92.77,94.55 2 0
github.com/Vaishnav88sk/claritty/clarctl-go/cmd/watch.go:94.55,96.21 2 0
github.com/Vaishnav88sk/claritty/clarctl-go/cmd/watch.go:97.22,99.39 2 0
github.com/Vaishnav88sk/claritty/clarctl-go/cmd/watch.go:100.18,101.38 1 0
github.com/Vaishnav88sk/claritty/clarctl-go/cmd/watch.go:107.4,108.11 2 0
github.com/Vaishnav88sk/claritty/clarctl-go/cmd/watch.go:109.22,111.15 2 0
github.com/Vaishnav88sk/claritty/clarctl-go/cmd/watch.go:112.66,112.66 0 0
github.com/Vaishnav88sk/claritty/clarctl-go/cmd/watch.go:118.13,121.2 2 1
